This is pdfTeX, Version 3.14159265-2.6-1.40.19 (MiKTeX 2.9.6700 64-bit) (preloaded format=pdflatex 2018.6.3)  5 JUN 2018 21:57
entering extended mode
**./thre_card_minhamm.tex
(thre_card_minhamm.tex
LaTeX2e <2018-04-01> patch level 5
Babel <3.20> and hyphenation patterns for 75 language(s) loaded.
! Undefined control sequence.
l.6   \inputencoding
                    {cp1252}%
The control sequence at the end of the top line
of your error message was never \def'ed. If you have
misspelled it (e.g., `\hobx'), type `I' and the correct
spelling (e.g., `I\hbox'). Otherwise just continue,
and I'll forget about whatever was undefined.


! LaTeX Error: Missing \begin{document}.

See the LaTeX manual or LaTeX Companion for explanation.
Type  H <return>  for immediate help.
 ...                                              
                                                  
l.6   \inputencoding{c
                      p1252}%
You're in trouble here.  Try typing  <return>  to proceed.
If that doesn't work, type  X <return>  to quit.

Missing character: There is no c in font nullfont!
Missing character: There is no p in font nullfont!
Missing character: There is no 1 in font nullfont!
Missing character: There is no 2 in font nullfont!
Missing character: There is no 5 in font nullfont!
Missing character: There is no 2 in font nullfont!
\gptboxheight=\skip41
\gptboxwidth=\skip42
\gptboxtext=\box26
LaTeX Font Info:    External font `cmex10' loaded for size
(Font)              <7> on input line 120.
LaTeX Font Info:    External font `cmex10' loaded for size
(Font)              <5> on input line 120.

! Package graphicx or graphics not loaded.

See the gnuplot documentation for explanation.
Type  H <return>  for immediate help.
 ...                                              
                                                  
l.121 ...,0){\includegraphics{thre_card_minihamm}}
                                                  %
The gnuplot epslatex terminal needs graphicx.sty or graphics.sty.

Missing character: There is no S in font nullfont!
Missing character: There is no i in font nullfont!
Missing character: There is no m in font nullfont!
Missing character: There is no i in font nullfont!
Missing character: There is no l in font nullfont!
Missing character: There is no a in font nullfont!
Missing character: There is no r in font nullfont!
Missing character: There is no i in font nullfont!
Missing character: There is no t in font nullfont!
Missing character: There is no y in font nullfont!
Missing character: There is no T in font nullfont!
Missing character: There is no h in font nullfont!
Missing character: There is no r in font nullfont!
Missing character: There is no e in font nullfont!
Missing character: There is no s in font nullfont!
Missing character: There is no h in font nullfont!
Missing character: There is no o in font nullfont!
Missing character: There is no l in font nullfont!
Missing character: There is no d in font nullfont!
! Number too big.
<argument> -2147483648
                      
l.122     \gplfronttext
                       
I can only go up to 2147483647='17777777777="7FFFFFFF,
so I'm using that number instead of yours.

! Dimension too large.
<recently read> \unitlength 
                            
l.122     \gplfronttext
                       
I can't work with sizes bigger than about 19 feet.
Continue and I'll use the largest value I can.

)
! Emergency stop.
<*> ./thre_card_minhamm.tex
                           
*** (job aborted, no legal \end found)

 
Here is how much of TeX's memory you used:
 29 strings out of 492974
 440 string characters out of 3126708
 58706 words of memory out of 3000000
 3999 multiletter control sequences out of 15000+200000
 3640 words of font info for 14 fonts, out of 3000000 for 9000
 1141 hyphenation exceptions out of 8191
 22i,6n,19p,103b,156s stack positions out of 5000i,500n,10000p,200000b,50000s
!  ==> Fatal error occurred, no output PDF file produced!
